Container db-engines-cpu-cockroachdb-1  Running
SET client_encoding = 'UTF8';
SET
SET client_min_messages = warning;
SET
SET escape_string_warning = off;
SET
SET search_path = public, pg_catalog;
SET
ALTER TABLE store DROP CONSTRAINT store_manager_staff_id_fkey;
ALTER TABLE
ALTER TABLE staff DROP CONSTRAINT staff_address_id_fkey;
ALTER TABLE
ALTER TABLE staff DROP CONSTRAINT staff_store_id_fkey;
ALTER TABLE
SELECT pg_catalog.setval('actor_actor_id_seq', 200, true);
 setval 
--------
    200
(1 row)

SELECT pg_catalog.setval('category_category_id_seq', 16, true);
 setval 
--------
     16
(1 row)

SELECT pg_catalog.setval('film_film_id_seq', 1000, true);
 setval 
--------
   1000
(1 row)

SELECT pg_catalog.setval('address_address_id_seq', 605, true);
 setval 
--------
    605
(1 row)

SELECT pg_catalog.setval('city_city_id_seq', 600, true);
 setval 
--------
    600
(1 row)

SELECT pg_catalog.setval('country_country_id_seq', 109, true);
 setval 
--------
    109
(1 row)

SELECT pg_catalog.setval('customer_customer_id_seq', 599, true);
 setval 
--------
    599
(1 row)

SELECT pg_catalog.setval('inventory_inventory_id_seq', 4581, true);
 setval 
--------
   4581
(1 row)

SELECT pg_catalog.setval('language_language_id_seq', 6, true);
 setval 
--------
      6
(1 row)

SELECT pg_catalog.setval('payment_payment_id_seq', 32098, true);
 setval 
--------
  32098
(1 row)

SELECT pg_catalog.setval('rental_rental_id_seq', 16049, true);
 setval 
--------
  16049
(1 row)

SELECT pg_catalog.setval('staff_staff_id_seq', 2, true);
 setval 
--------
      2
(1 row)

SELECT pg_catalog.setval('store_store_id_seq', 2, true);
 setval 
--------
      2
(1 row)

COPY public.language (language_id, name, last_update) FROM stdin;
COPY 6
COPY public.country (country_id, country, last_update) FROM stdin;
COPY 109
COPY public.city (city_id, city, country_id, last_update) FROM stdin;
COPY 600
COPY public.address (address_id, address, address2, district, city_id, postal_code, phone, last_update) FROM stdin;
COPY 603
COPY public.actor (actor_id, first_name, last_name, last_update) FROM stdin;
COPY 200
COPY public.staff (staff_id, first_name, last_name, address_id, email, store_id, active, username, password, last_update) FROM stdin;
COPY 2
COPY public.store (store_id, manager_staff_id, address_id, last_update) FROM stdin;
COPY 2
COPY public.category (category_id, name, last_update) FROM stdin;
COPY 16
COPY public.film (film_id, title, description, release_year, language_id, original_language_id, rental_duration, rental_rate, length, replacement_cost, rating, last_update) FROM stdin;
COPY 1000
COPY public.inventory (inventory_id, film_id, store_id, last_update) FROM stdin;
COPY 4581
COPY public.film_actor (actor_id, film_id, last_update) FROM stdin;
COPY 5462
COPY public.film_category (film_id, category_id, last_update) FROM stdin;
COPY 1000
COPY public.customer (customer_id, store_id, first_name, last_name, email, address_id, activebool, create_date, last_update, active) FROM stdin;
COPY 599
COPY public.rental (rental_id, rental_date, inventory_id, customer_id, return_date, staff_id, last_update) FROM stdin;
COPY 16044
COPY public.payment (payment_id, customer_id, staff_id, rental_id, amount, payment_date) FROM stdin;
COPY 16049
ALTER TABLE staff ADD CONSTRAINT staff_address_id_fkey FOREIGN KEY (address_id) REFERENCES address (address_id) ON UPDATE CASCADE;
ALTER TABLE
ALTER TABLE staff ADD CONSTRAINT staff_store_id_fkey FOREIGN KEY (store_id) REFERENCES store (store_id) ON UPDATE CASCADE;
ALTER TABLE
ALTER TABLE store ADD CONSTRAINT store_manager_staff_id_fkey FOREIGN KEY (manager_staff_id) REFERENCES staff(staff_id) ON UPDATE CASCADE ON DELETE RESTRICT;
ALTER TABLE
analyze actor;
ANALYZE
analyze address;
ANALYZE
analyze category;
ANALYZE
analyze city;
ANALYZE
analyze country;
ANALYZE
analyze customer;
ANALYZE
analyze film;
ANALYZE
analyze film_actor;
ANALYZE
analyze film_category;
ANALYZE
analyze inventory;
ANALYZE
analyze language;
ANALYZE
analyze payment;
ANALYZE
analyze rental;
ANALYZE
analyze staff;
ANALYZE
analyze store;
ANALYZE

 Performance counter stats for 'system wide':

    61,450,706,896      instructions              docker/5b9a7043233653fe96ade4593fb577a2ae1628cb0fec9c8cb47c450a74dc4fe5                                   

      11.365250189 seconds time elapsed

