Container db-engines-cpu-yugabytedb-1  Running
drop table if exists demo;
NOTICE:  table "demo" does not exist, skipping
DROP TABLE
alias vacuum=prompt;
ERROR:  syntax error at or near "alias"
LINE 1: alias vacuum=prompt;
        ^
create or replace function generate_series( "start" in int, "stop" in int )
  return varchar2 SQL_MACRO(TABLE) as
begin
 return 'select to_number(column_value) as generate_series from xmltable('''
  ||generate_series."start"||' to '||generate_series."stop"
  ||''')';
end;
ERROR:  syntax error at or near "return"
LINE 2:   return varchar2 SQL_MACRO(TABLE) as
          ^
/
select version();
ERROR:  syntax error at or near "/"
LINE 1: /
        ^

 Performance counter stats for 'system wide':

       540,523,520      instructions              docker/12568465af51b1f3b13bc78a2beee316a1860724a201f26df32191ac9c2cc550                                   

       1.758308874 seconds time elapsed

