Container db-engines-cpu-cockroachdb-1  Running
SET client_encoding = 'UTF8';
SET
SET client_min_messages = warning;
SET
SET escape_string_warning = off;
SET
SET search_path = public, pg_catalog;
SET
CREATE SEQUENCE actor_actor_id_seq
    INCREMENT BY 1
    NO MAXVALUE
    NO MINVALUE
    CACHE 1;
CREATE SEQUENCE
ALTER TABLE public.actor_actor_id_seq OWNER TO root;
ALTER TABLE
SET default_tablespace = '';
SET
CREATE TABLE actor (
    actor_id integer DEFAULT nextval('actor_actor_id_seq'::regclass) NOT NULL,
    first_name character varying(45) NOT NULL,
    last_name character varying(45) NOT NULL,
    last_update timestamp without time zone DEFAULT now() NOT NULL
);
CREATE TABLE
ALTER TABLE public.actor OWNER TO root;
ALTER TABLE
CREATE TYPE mpaa_rating AS ENUM (
    'G',
    'PG',
    'PG-13',
    'R',
    'NC-17'
);
CREATE TYPE
ALTER TYPE public.mpaa_rating OWNER TO root;
ALTER TYPE
CREATE SEQUENCE category_category_id_seq
    INCREMENT BY 1
    NO MAXVALUE
    NO MINVALUE
    CACHE 1;
CREATE SEQUENCE
ALTER TABLE public.category_category_id_seq OWNER TO root;
ALTER TABLE
CREATE TABLE category (
    category_id integer DEFAULT nextval('category_category_id_seq'::regclass) NOT NULL,
    name character varying(25) NOT NULL,
    last_update timestamp without time zone DEFAULT now() NOT NULL
);
CREATE TABLE
ALTER TABLE public.category OWNER TO root;
ALTER TABLE
CREATE SEQUENCE film_film_id_seq
    INCREMENT BY 1
    NO MAXVALUE
    NO MINVALUE
    CACHE 1;
CREATE SEQUENCE
ALTER TABLE public.film_film_id_seq OWNER TO root;
ALTER TABLE
CREATE TABLE film (
    film_id integer DEFAULT nextval('film_film_id_seq'::regclass) NOT NULL,
    title character varying(255) NOT NULL,
    description text,
    release_year integer,
    language_id integer NOT NULL,
    original_language_id integer,
    rental_duration smallint DEFAULT 3 NOT NULL,
    rental_rate numeric(4,2) DEFAULT 4.99 NOT NULL,
    length smallint,
    replacement_cost numeric(5,2) DEFAULT 19.99 NOT NULL,
    rating mpaa_rating DEFAULT 'G'::mpaa_rating,
    last_update timestamp without time zone DEFAULT now() NOT NULL,
    special_features text[]
);
CREATE TABLE
ALTER TABLE public.film OWNER TO root;
ALTER TABLE
CREATE TABLE film_actor (
    actor_id integer NOT NULL,
    film_id integer NOT NULL,
    last_update timestamp without time zone DEFAULT now() NOT NULL
);
CREATE TABLE
ALTER TABLE public.film_actor OWNER TO root;
ALTER TABLE
CREATE TABLE film_category (
    film_id integer NOT NULL,
    category_id integer NOT NULL,
    last_update timestamp without time zone DEFAULT now() NOT NULL
);
CREATE TABLE
ALTER TABLE public.film_category OWNER TO root;
ALTER TABLE
CREATE SEQUENCE address_address_id_seq
    INCREMENT BY 1
    NO MAXVALUE
    NO MINVALUE
    CACHE 1;
CREATE SEQUENCE
ALTER TABLE public.address_address_id_seq OWNER TO root;
ALTER TABLE
CREATE TABLE address (
    address_id integer DEFAULT nextval('address_address_id_seq'::regclass) NOT NULL,
    address character varying(50) NOT NULL,
    address2 character varying(50),
    district character varying(20) NOT NULL,
    city_id integer NOT NULL,
    postal_code character varying(10),
    phone character varying(20) NOT NULL,
    last_update timestamp without time zone DEFAULT now() NOT NULL
);
CREATE TABLE
ALTER TABLE public.address OWNER TO root;
ALTER TABLE
CREATE SEQUENCE city_city_id_seq
    INCREMENT BY 1
    NO MAXVALUE
    NO MINVALUE
    CACHE 1;
CREATE SEQUENCE
ALTER TABLE public.city_city_id_seq OWNER TO root;
ALTER TABLE
CREATE TABLE city (
    city_id integer DEFAULT nextval('city_city_id_seq'::regclass) NOT NULL,
    city character varying(50) NOT NULL,
    country_id integer NOT NULL,
    last_update timestamp without time zone DEFAULT now() NOT NULL
);
CREATE TABLE
ALTER TABLE public.city OWNER TO root;
ALTER TABLE
CREATE SEQUENCE country_country_id_seq
    INCREMENT BY 1
    NO MAXVALUE
    NO MINVALUE
    CACHE 1;
CREATE SEQUENCE
ALTER TABLE public.country_country_id_seq OWNER TO root;
ALTER TABLE
CREATE TABLE country (
    country_id integer DEFAULT nextval('country_country_id_seq'::regclass) NOT NULL,
    country character varying(50) NOT NULL,
    last_update timestamp without time zone DEFAULT now() NOT NULL
);
CREATE TABLE
ALTER TABLE public.country OWNER TO root;
ALTER TABLE
CREATE SEQUENCE customer_customer_id_seq
    INCREMENT BY 1
    NO MAXVALUE
    NO MINVALUE
    CACHE 1;
CREATE SEQUENCE
ALTER TABLE public.customer_customer_id_seq OWNER TO root;
ALTER TABLE
CREATE TABLE customer (
    customer_id integer DEFAULT nextval('customer_customer_id_seq'::regclass) NOT NULL,
    store_id integer NOT NULL,
    first_name character varying(45) NOT NULL,
    last_name character varying(45) NOT NULL,
    email character varying(50),
    address_id integer NOT NULL,
    activebool boolean DEFAULT true NOT NULL,
    create_date date DEFAULT ('now'::text)::date NOT NULL,
    last_update timestamp without time zone DEFAULT now(),
    active integer
);
CREATE TABLE
ALTER TABLE public.customer OWNER TO root;
ALTER TABLE
CREATE VIEW customer_list AS
    SELECT cu.customer_id AS id, (((cu.first_name)::text || ' '::text) || (cu.last_name)::text) AS name, a.address, a.postal_code AS "zip code", a.phone, city.city, country.country, CASE WHEN cu.activebool THEN 'active'::text ELSE ''::text END AS notes, cu.store_id AS sid FROM (((customer cu JOIN address a ON ((cu.address_id = a.address_id))) JOIN city ON ((a.city_id = city.city_id))) JOIN country ON ((city.country_id = country.country_id)));
CREATE VIEW
ALTER TABLE public.customer_list OWNER TO root;
ALTER TABLE
CREATE SEQUENCE inventory_inventory_id_seq
    INCREMENT BY 1
    NO MAXVALUE
    NO MINVALUE
    CACHE 1;
CREATE SEQUENCE
ALTER TABLE public.inventory_inventory_id_seq OWNER TO root;
ALTER TABLE
CREATE TABLE inventory (
    inventory_id integer DEFAULT nextval('inventory_inventory_id_seq'::regclass) NOT NULL,
    film_id integer NOT NULL,
    store_id integer NOT NULL,
    last_update timestamp without time zone DEFAULT now() NOT NULL
);
CREATE TABLE
ALTER TABLE public.inventory OWNER TO root;
ALTER TABLE
CREATE SEQUENCE language_language_id_seq
    INCREMENT BY 1
    NO MAXVALUE
    NO MINVALUE
    CACHE 1;
CREATE SEQUENCE
ALTER TABLE public.language_language_id_seq OWNER TO root;
ALTER TABLE
CREATE TABLE language (
    language_id integer DEFAULT nextval('language_language_id_seq'::regclass) NOT NULL,
    name character(20) NOT NULL,
    last_update timestamp without time zone DEFAULT now() NOT NULL
);
CREATE TABLE
ALTER TABLE public.language OWNER TO root;
ALTER TABLE
CREATE SEQUENCE payment_payment_id_seq
    INCREMENT BY 1
    NO MAXVALUE
    NO MINVALUE
    CACHE 1;
CREATE SEQUENCE
ALTER TABLE public.payment_payment_id_seq OWNER TO root;
ALTER TABLE
CREATE TABLE payment (
    payment_id integer DEFAULT nextval('payment_payment_id_seq'::regclass) NOT NULL,
    customer_id integer NOT NULL,
    staff_id integer NOT NULL,
    rental_id integer NULL,
    amount numeric(5,2) NOT NULL,
    payment_date timestamp without time zone NOT NULL
);
CREATE TABLE
ALTER TABLE public.payment OWNER TO root;
ALTER TABLE
CREATE SEQUENCE rental_rental_id_seq
    INCREMENT BY 1
    NO MAXVALUE
    NO MINVALUE
    CACHE 1;
CREATE SEQUENCE
ALTER TABLE public.rental_rental_id_seq OWNER TO root;
ALTER TABLE
CREATE TABLE rental (
    rental_id integer DEFAULT nextval('rental_rental_id_seq'::regclass) NOT NULL,
    rental_date timestamp without time zone NOT NULL,
    inventory_id integer NOT NULL,
    customer_id integer NOT NULL,
    return_date timestamp without time zone,
    staff_id integer NOT NULL,
    last_update timestamp without time zone DEFAULT now() NOT NULL
);
CREATE TABLE
ALTER TABLE public.rental OWNER TO root;
ALTER TABLE
CREATE VIEW sales_by_film_category AS
    SELECT c.name AS category, sum(p.amount) AS total_sales FROM (((((payment p JOIN rental r ON ((p.rental_id = r.rental_id))) JOIN inventory i ON ((r.inventory_id = i.inventory_id))) JOIN film f ON ((i.film_id = f.film_id))) JOIN film_category fc ON ((f.film_id = fc.film_id))) JOIN category c ON ((fc.category_id = c.category_id))) GROUP BY c.name ORDER BY sum(p.amount) DESC;
CREATE VIEW
ALTER TABLE public.sales_by_film_category OWNER TO root;
ALTER TABLE
CREATE SEQUENCE staff_staff_id_seq
    INCREMENT BY 1
    NO MAXVALUE
    NO MINVALUE
    CACHE 1;
CREATE SEQUENCE
ALTER TABLE public.staff_staff_id_seq OWNER TO root;
ALTER TABLE
CREATE TABLE staff (
    staff_id integer DEFAULT nextval('staff_staff_id_seq'::regclass) NOT NULL,
    first_name character varying(45) NOT NULL,
    last_name character varying(45) NOT NULL,
    address_id integer NOT NULL,
    email character varying(50),
    store_id integer NOT NULL,
    active boolean DEFAULT true NOT NULL,
    username character varying(16) NOT NULL,
    password character varying(40),
    last_update timestamp without time zone DEFAULT now() NOT NULL,
    picture bytea
);
CREATE TABLE
ALTER TABLE public.staff OWNER TO root;
ALTER TABLE
CREATE SEQUENCE store_store_id_seq
    INCREMENT BY 1
    NO MAXVALUE
    NO MINVALUE
    CACHE 1;
CREATE SEQUENCE
ALTER TABLE public.store_store_id_seq OWNER TO root;
ALTER TABLE
CREATE TABLE store (
    store_id integer DEFAULT nextval('store_store_id_seq'::regclass) NOT NULL,
    manager_staff_id integer NOT NULL,
    address_id integer NOT NULL,
    last_update timestamp without time zone DEFAULT now() NOT NULL
);
CREATE TABLE
ALTER TABLE public.store OWNER TO root;
ALTER TABLE
CREATE VIEW sales_by_store AS
    SELECT (((c.city)::text || ','::text) || (cy.country)::text) AS store, (((m.first_name)::text || ' '::text) || (m.last_name)::text) AS manager, sum(p.amount) AS total_sales FROM (((((((payment p JOIN rental r ON ((p.rental_id = r.rental_id))) JOIN inventory i ON ((r.inventory_id = i.inventory_id))) JOIN store s ON ((i.store_id = s.store_id))) JOIN address a ON ((s.address_id = a.address_id))) JOIN city c ON ((a.city_id = c.city_id))) JOIN country cy ON ((c.country_id = cy.country_id))) JOIN staff m ON ((s.manager_staff_id = m.staff_id))) GROUP BY cy.country, c.city, s.store_id, m.first_name, m.last_name ORDER BY cy.country, c.city;
CREATE VIEW
ALTER TABLE public.sales_by_store OWNER TO root;
ALTER TABLE
CREATE VIEW staff_list AS
    SELECT s.staff_id AS id, (((s.first_name)::text || ' '::text) || (s.last_name)::text) AS name, a.address, a.postal_code AS "zip code", a.phone, city.city, country.country, s.store_id AS sid FROM (((staff s JOIN address a ON ((s.address_id = a.address_id))) JOIN city ON ((a.city_id = city.city_id))) JOIN country ON ((city.country_id = country.country_id)));
CREATE VIEW
ALTER TABLE public.staff_list OWNER TO root;
ALTER TABLE
ALTER TABLE ONLY actor
    ADD CONSTRAINT actor_pkey PRIMARY KEY (actor_id);
ALTER TABLE
ALTER TABLE ONLY address
    ADD CONSTRAINT address_pkey PRIMARY KEY (address_id);
ALTER TABLE
ALTER TABLE ONLY category
    ADD CONSTRAINT category_pkey PRIMARY KEY (category_id);
ALTER TABLE
ALTER TABLE ONLY city
    ADD CONSTRAINT city_pkey PRIMARY KEY (city_id);
ALTER TABLE
ALTER TABLE ONLY country
    ADD CONSTRAINT country_pkey PRIMARY KEY (country_id);
ALTER TABLE
ALTER TABLE ONLY customer
    ADD CONSTRAINT customer_pkey PRIMARY KEY (customer_id);
ALTER TABLE
ALTER TABLE ONLY film_actor
    ADD CONSTRAINT film_actor_pkey PRIMARY KEY (actor_id, film_id);
ALTER TABLE
ALTER TABLE ONLY film_category
    ADD CONSTRAINT film_category_pkey PRIMARY KEY (film_id, category_id);
ALTER TABLE
ALTER TABLE ONLY film
    ADD CONSTRAINT film_pkey PRIMARY KEY (film_id);
ALTER TABLE
ALTER TABLE ONLY inventory
    ADD CONSTRAINT inventory_pkey PRIMARY KEY (inventory_id);
ALTER TABLE
ALTER TABLE ONLY language
    ADD CONSTRAINT language_pkey PRIMARY KEY (language_id);
ALTER TABLE
ALTER TABLE ONLY payment
    ADD CONSTRAINT payment_pkey PRIMARY KEY (payment_id);
ALTER TABLE
ALTER TABLE ONLY rental
    ADD CONSTRAINT rental_pkey PRIMARY KEY (rental_id);
ALTER TABLE
ALTER TABLE ONLY staff
    ADD CONSTRAINT staff_pkey PRIMARY KEY (staff_id);
ALTER TABLE
ALTER TABLE ONLY store
    ADD CONSTRAINT store_pkey PRIMARY KEY (store_id);
ALTER TABLE
CREATE INDEX idx_actor_last_name ON actor USING btree (last_name);
CREATE INDEX
CREATE INDEX idx_fk_address_id ON customer USING btree (address_id);
CREATE INDEX
CREATE INDEX idx_fk_city_id ON address USING btree (city_id);
CREATE INDEX
CREATE INDEX idx_fk_country_id ON city USING btree (country_id);
CREATE INDEX
CREATE INDEX idx_fk_customer_id ON payment USING btree (customer_id);
CREATE INDEX
CREATE INDEX idx_fk_film_id ON film_actor USING btree (film_id);
CREATE INDEX
CREATE INDEX idx_fk_inventory_id ON rental USING btree (inventory_id);
CREATE INDEX
CREATE INDEX idx_fk_language_id ON film USING btree (language_id);
CREATE INDEX
CREATE INDEX idx_fk_original_language_id ON film USING btree (original_language_id);
CREATE INDEX
CREATE INDEX idx_fk_staff_id ON payment USING btree (staff_id);
CREATE INDEX
CREATE INDEX idx_fk_store_id ON customer USING btree (store_id);
CREATE INDEX
CREATE INDEX idx_last_name ON customer USING btree (last_name);
CREATE INDEX
CREATE INDEX idx_store_id_film_id ON inventory USING btree (store_id, film_id);
CREATE INDEX
CREATE INDEX idx_title ON film USING btree (title);
CREATE INDEX
CREATE UNIQUE INDEX idx_unq_manager_staff_id ON store USING btree (manager_staff_id);
CREATE INDEX
CREATE UNIQUE INDEX idx_unq_rental_rental_date_inventory_id_customer_id ON rental USING btree (rental_date, inventory_id, customer_id);
CREATE INDEX
ALTER TABLE ONLY address
    ADD CONSTRAINT address_city_id_fkey FOREIGN KEY (city_id) REFERENCES city(city_id) ON UPDATE CASCADE ON DELETE RESTRICT;
ALTER TABLE
ALTER TABLE ONLY city
    ADD CONSTRAINT city_country_id_fkey FOREIGN KEY (country_id) REFERENCES country(country_id) ON UPDATE CASCADE ON DELETE RESTRICT;
ALTER TABLE
ALTER TABLE ONLY customer
    ADD CONSTRAINT customer_address_id_fkey FOREIGN KEY (address_id) REFERENCES address(address_id) ON UPDATE CASCADE ON DELETE RESTRICT;
ALTER TABLE
ALTER TABLE ONLY customer
    ADD CONSTRAINT customer_store_id_fkey FOREIGN KEY (store_id) REFERENCES store(store_id) ON UPDATE CASCADE ON DELETE RESTRICT;
ALTER TABLE
ALTER TABLE ONLY film_actor
    ADD CONSTRAINT film_actor_actor_id_fkey FOREIGN KEY (actor_id) REFERENCES actor(actor_id) ON UPDATE CASCADE ON DELETE RESTRICT;
ALTER TABLE
ALTER TABLE ONLY film_actor
    ADD CONSTRAINT film_actor_film_id_fkey FOREIGN KEY (film_id) REFERENCES film(film_id) ON UPDATE CASCADE ON DELETE RESTRICT;
ALTER TABLE
ALTER TABLE ONLY film_category
    ADD CONSTRAINT film_category_category_id_fkey FOREIGN KEY (category_id) REFERENCES category(category_id) ON UPDATE CASCADE ON DELETE RESTRICT;
ALTER TABLE
ALTER TABLE ONLY film_category
    ADD CONSTRAINT film_category_film_id_fkey FOREIGN KEY (film_id) REFERENCES film(film_id) ON UPDATE CASCADE ON DELETE RESTRICT;
ALTER TABLE
ALTER TABLE ONLY film
    ADD CONSTRAINT film_language_id_fkey FOREIGN KEY (language_id) REFERENCES language(language_id) ON UPDATE CASCADE ON DELETE RESTRICT;
ALTER TABLE
ALTER TABLE ONLY film
    ADD CONSTRAINT film_original_language_id_fkey FOREIGN KEY (original_language_id) REFERENCES language(language_id) ON UPDATE CASCADE ON DELETE RESTRICT;
ALTER TABLE
ALTER TABLE ONLY inventory
    ADD CONSTRAINT inventory_film_id_fkey FOREIGN KEY (film_id) REFERENCES film(film_id) ON UPDATE CASCADE ON DELETE RESTRICT;
ALTER TABLE
ALTER TABLE ONLY inventory
    ADD CONSTRAINT inventory_store_id_fkey FOREIGN KEY (store_id) REFERENCES store(store_id) ON UPDATE CASCADE ON DELETE RESTRICT;
ALTER TABLE
ALTER TABLE ONLY payment
    ADD CONSTRAINT payment_customer_id_fkey FOREIGN KEY (customer_id) REFERENCES customer(customer_id) ON UPDATE CASCADE ON DELETE RESTRICT;
ALTER TABLE
ALTER TABLE ONLY payment
    ADD CONSTRAINT payment_rental_id_fkey FOREIGN KEY (rental_id) REFERENCES rental(rental_id) ON UPDATE CASCADE ON DELETE SET NULL;
ALTER TABLE
ALTER TABLE ONLY payment
    ADD CONSTRAINT payment_staff_id_fkey FOREIGN KEY (staff_id) REFERENCES staff(staff_id) ON UPDATE CASCADE ON DELETE RESTRICT;
ALTER TABLE
ALTER TABLE ONLY rental
    ADD CONSTRAINT rental_customer_id_fkey FOREIGN KEY (customer_id) REFERENCES customer(customer_id) ON UPDATE CASCADE ON DELETE RESTRICT;
ALTER TABLE
ALTER TABLE ONLY rental
    ADD CONSTRAINT rental_inventory_id_fkey FOREIGN KEY (inventory_id) REFERENCES inventory(inventory_id) ON UPDATE CASCADE ON DELETE RESTRICT;
ALTER TABLE
ALTER TABLE ONLY rental
    ADD CONSTRAINT rental_staff_id_fkey FOREIGN KEY (staff_id) REFERENCES staff(staff_id) ON UPDATE CASCADE ON DELETE RESTRICT;
ALTER TABLE
ALTER TABLE ONLY staff
    ADD CONSTRAINT staff_address_id_fkey FOREIGN KEY (address_id) REFERENCES address(address_id) ON UPDATE CASCADE ON DELETE RESTRICT;
ALTER TABLE
ALTER TABLE ONLY staff
    ADD CONSTRAINT staff_store_id_fkey FOREIGN KEY (store_id) REFERENCES store(store_id);
ALTER TABLE
ALTER TABLE ONLY store
    ADD CONSTRAINT store_address_id_fkey FOREIGN KEY (address_id) REFERENCES address(address_id) ON UPDATE CASCADE ON DELETE RESTRICT;
ALTER TABLE
ALTER TABLE ONLY store
    ADD CONSTRAINT store_manager_staff_id_fkey FOREIGN KEY (manager_staff_id) REFERENCES staff(staff_id) ON UPDATE CASCADE ON DELETE RESTRICT;
ALTER TABLE

 Performance counter stats for 'system wide':

    86,947,256,617      instructions              docker/50b7ae38ed046a9a834302f37e5ca8f69e4061719fcb08aba55fc9470ea1b26c                                   

      29.299975190 seconds time elapsed

