Container db-engines-cpu-yugabytedb-1  Running
DROP VIEW customer_list;
DROP VIEW
DROP VIEW film_list;
DROP VIEW
DROP VIEW nicer_but_slower_film_list;
DROP VIEW
DROP VIEW sales_by_film_category;
DROP VIEW
DROP VIEW sales_by_store;
DROP VIEW
DROP VIEW staff_list;
DROP VIEW
DROP TABLE payment CASCADE;
DROP TABLE
DROP TABLE rental CASCADE;
DROP TABLE
DROP TABLE inventory CASCADE;
DROP TABLE
DROP TABLE film_category CASCADE;
NOTICE:  drop cascades to view actor_info
DROP TABLE
DROP TABLE film_actor CASCADE;
DROP TABLE
DROP TABLE film CASCADE;
DROP TABLE
DROP TABLE language CASCADE;
DROP TABLE
DROP TABLE customer CASCADE;
NOTICE:  drop cascades to function rewards_report(integer,numeric)
DROP TABLE
DROP TABLE actor CASCADE;
DROP TABLE
DROP TABLE category CASCADE;
DROP TABLE
DROP TABLE store CASCADE;
NOTICE:  drop cascades to constraint staff_store_id_fkey on table staff
DROP TABLE
DROP TABLE address CASCADE;
NOTICE:  drop cascades to constraint staff_address_id_fkey on table staff
DROP TABLE
DROP TABLE staff CASCADE;
DROP TABLE
DROP TABLE city CASCADE;
DROP TABLE
DROP TABLE country CASCADE;
DROP TABLE
DROP FUNCTION film_in_stock(integer, integer);
DROP FUNCTION
DROP FUNCTION film_not_in_stock(integer, integer);
DROP FUNCTION
DROP FUNCTION get_customer_balance(integer, timestamp without time zone);
DROP FUNCTION
DROP FUNCTION inventory_held_by_customer(integer);
DROP FUNCTION
DROP FUNCTION inventory_in_stock(integer);
DROP FUNCTION
DROP FUNCTION last_day(timestamp without time zone);
DROP FUNCTION
DROP FUNCTION rewards_report(integer, numeric);
ERROR:  function rewards_report(integer, numeric) does not exist
DROP FUNCTION last_updated();
DROP FUNCTION
DROP FUNCTION _group_concat(text, text) CASCADE;
NOTICE:  drop cascades to function group_concat(text)
DROP FUNCTION
DROP SEQUENCE actor_actor_id_seq;
DROP SEQUENCE
DROP SEQUENCE address_address_id_seq;
DROP SEQUENCE
DROP SEQUENCE category_category_id_seq;
DROP SEQUENCE
DROP SEQUENCE city_city_id_seq;
DROP SEQUENCE
DROP SEQUENCE country_country_id_seq;
DROP SEQUENCE
DROP SEQUENCE customer_customer_id_seq;
DROP SEQUENCE
DROP SEQUENCE film_film_id_seq;
DROP SEQUENCE
DROP SEQUENCE inventory_inventory_id_seq;
DROP SEQUENCE
DROP SEQUENCE language_language_id_seq;
DROP SEQUENCE
DROP SEQUENCE payment_payment_id_seq;
DROP SEQUENCE
DROP SEQUENCE rental_rental_id_seq;
DROP SEQUENCE
DROP SEQUENCE staff_staff_id_seq;
DROP SEQUENCE
DROP SEQUENCE store_store_id_seq;
DROP SEQUENCE
DROP DOMAIN year;
DROP DOMAIN
DROP TYPE mpaa_rating;
DROP TYPE

 Performance counter stats for 'system wide':

    15,586,647,309      instructions              docker/29076488227e5b168c8c9fb96182b4aae88ecd494451babea0eb16b9743579e8                                   

      16.245995522 seconds time elapsed

