Container db-engines-cpu-yugabytedb-1  Running
SET yb_default_copy_from_rows_per_transaction=10000;
SET
SET yb_disable_transactional_writes=true;
SET
SET client_encoding = 'UTF8';
SET
SET standard_conforming_strings = off;
SET
SET check_function_bodies = false;
SET
SET client_min_messages = warning;
SET
SET escape_string_warning = off;
SET
SET search_path = public, pg_catalog;
SET
SELECT pg_catalog.setval('actor_actor_id_seq', 200, true);
 setval 
--------
    200
(1 row)

SELECT pg_catalog.setval('category_category_id_seq', 16, true);
 setval 
--------
     16
(1 row)

SELECT pg_catalog.setval('film_film_id_seq', 1000, true);
 setval 
--------
   1000
(1 row)

SELECT pg_catalog.setval('address_address_id_seq', 605, true);
 setval 
--------
    605
(1 row)

SELECT pg_catalog.setval('city_city_id_seq', 600, true);
 setval 
--------
    600
(1 row)

SELECT pg_catalog.setval('country_country_id_seq', 109, true);
 setval 
--------
    109
(1 row)

SELECT pg_catalog.setval('customer_customer_id_seq', 599, true);
 setval 
--------
    599
(1 row)

SELECT pg_catalog.setval('inventory_inventory_id_seq', 4581, true);
 setval 
--------
   4581
(1 row)

SELECT pg_catalog.setval('language_language_id_seq', 6, true);
 setval 
--------
      6
(1 row)

SELECT pg_catalog.setval('payment_payment_id_seq', 32098, true);
 setval 
--------
  32098
(1 row)

SELECT pg_catalog.setval('rental_rental_id_seq', 16049, true);
 setval 
--------
  16049
(1 row)

SELECT pg_catalog.setval('staff_staff_id_seq', 2, true);
 setval 
--------
      2
(1 row)

SELECT pg_catalog.setval('store_store_id_seq', 2, true);
 setval 
--------
      2
(1 row)

ALTER TABLE language DISABLE TRIGGER ALL;
ALTER TABLE
COPY public.language (language_id, name, last_update) FROM stdin;
WARNING:  Batched COPY is not supported on table with non RI trigger. Defaulting to using one transaction for the entire copy.
HINT:  Set rows_per_transaction option to `0` to disable batching and remove this warning.
COPY 6
ALTER TABLE language ENABLE TRIGGER ALL;
ALTER TABLE
ALTER TABLE country DISABLE TRIGGER ALL;
ALTER TABLE
COPY public.country (country_id, country, last_update) FROM stdin;
WARNING:  Batched COPY is not supported on table with non RI trigger. Defaulting to using one transaction for the entire copy.
HINT:  Set rows_per_transaction option to `0` to disable batching and remove this warning.
COPY 109
ALTER TABLE country ENABLE TRIGGER ALL;
ALTER TABLE
ALTER TABLE city DISABLE TRIGGER ALL;
ALTER TABLE
COPY public.city (city_id, city, country_id, last_update) FROM stdin;
WARNING:  Batched COPY is not supported on table with non RI trigger. Defaulting to using one transaction for the entire copy.
HINT:  Set rows_per_transaction option to `0` to disable batching and remove this warning.
COPY 600
ALTER TABLE city ENABLE TRIGGER ALL;
ALTER TABLE
ALTER TABLE address DISABLE TRIGGER ALL;
ALTER TABLE
COPY public.address (address_id, address, address2, district, city_id, postal_code, phone, last_update) FROM stdin;
WARNING:  Batched COPY is not supported on table with non RI trigger. Defaulting to using one transaction for the entire copy.
HINT:  Set rows_per_transaction option to `0` to disable batching and remove this warning.
COPY 603
ALTER TABLE address ENABLE TRIGGER ALL;
ALTER TABLE
ALTER TABLE actor DISABLE TRIGGER ALL;
ALTER TABLE
COPY public.actor (actor_id, first_name, last_name, last_update) FROM stdin;
WARNING:  Batched COPY is not supported on table with non RI trigger. Defaulting to using one transaction for the entire copy.
HINT:  Set rows_per_transaction option to `0` to disable batching and remove this warning.
COPY 200
ALTER TABLE actor ENABLE TRIGGER ALL;
ALTER TABLE
ALTER TABLE staff DISABLE TRIGGER ALL;
ALTER TABLE
COPY public.staff (staff_id, first_name, last_name, address_id, email, store_id, active, username, password, last_update, picture) FROM stdin;
WARNING:  Batched COPY is not supported on table with non RI trigger. Defaulting to using one transaction for the entire copy.
HINT:  Set rows_per_transaction option to `0` to disable batching and remove this warning.
COPY 2
ALTER TABLE staff ENABLE TRIGGER ALL;
ALTER TABLE
ALTER TABLE store DISABLE TRIGGER ALL;
ALTER TABLE
COPY public.store (store_id, manager_staff_id, address_id, last_update) FROM stdin;
WARNING:  Batched COPY is not supported on table with non RI trigger. Defaulting to using one transaction for the entire copy.
HINT:  Set rows_per_transaction option to `0` to disable batching and remove this warning.
COPY 2
ALTER TABLE store ENABLE TRIGGER ALL;
ALTER TABLE
ALTER TABLE category DISABLE TRIGGER ALL;
ALTER TABLE
COPY public.category (category_id, name, last_update) FROM stdin;
WARNING:  Batched COPY is not supported on table with non RI trigger. Defaulting to using one transaction for the entire copy.
HINT:  Set rows_per_transaction option to `0` to disable batching and remove this warning.
COPY 16
ALTER TABLE category ENABLE TRIGGER ALL;
ALTER TABLE
ALTER TABLE film DISABLE TRIGGER ALL;
ALTER TABLE
COPY public.film (film_id, title, description, release_year, language_id, original_language_id, rental_duration, rental_rate, length, replacement_cost, rating, last_update, special_features, fulltext) FROM stdin;
WARNING:  Batched COPY is not supported on table with non RI trigger. Defaulting to using one transaction for the entire copy.
HINT:  Set rows_per_transaction option to `0` to disable batching and remove this warning.
COPY 1000
ALTER TABLE film ENABLE TRIGGER ALL;
ALTER TABLE
ALTER TABLE inventory DISABLE TRIGGER ALL;
ALTER TABLE
COPY public.inventory (inventory_id, film_id, store_id, last_update) FROM stdin;
WARNING:  Batched COPY is not supported on table with non RI trigger. Defaulting to using one transaction for the entire copy.
HINT:  Set rows_per_transaction option to `0` to disable batching and remove this warning.
COPY 4581
ALTER TABLE inventory ENABLE TRIGGER ALL;
ALTER TABLE
ALTER TABLE film_actor DISABLE TRIGGER ALL;
ALTER TABLE
COPY public.film_actor (actor_id, film_id, last_update) FROM stdin;
WARNING:  Batched COPY is not supported on table with non RI trigger. Defaulting to using one transaction for the entire copy.
HINT:  Set rows_per_transaction option to `0` to disable batching and remove this warning.
COPY 5462
ALTER TABLE film_actor ENABLE TRIGGER ALL;
ALTER TABLE
ALTER TABLE film_category DISABLE TRIGGER ALL;
ALTER TABLE
COPY public.film_category (film_id, category_id, last_update) FROM stdin;
WARNING:  Batched COPY is not supported on table with non RI trigger. Defaulting to using one transaction for the entire copy.
HINT:  Set rows_per_transaction option to `0` to disable batching and remove this warning.
COPY 1000
ALTER TABLE film_category ENABLE TRIGGER ALL;
ALTER TABLE
ALTER TABLE customer DISABLE TRIGGER ALL;
ALTER TABLE
COPY public.customer (customer_id, store_id, first_name, last_name, email, address_id, activebool, create_date, last_update, active) FROM stdin;
WARNING:  Batched COPY is not supported on table with non RI trigger. Defaulting to using one transaction for the entire copy.
HINT:  Set rows_per_transaction option to `0` to disable batching and remove this warning.
COPY 599
ALTER TABLE customer ENABLE TRIGGER ALL;
ALTER TABLE
ALTER TABLE rental DISABLE TRIGGER ALL;
ALTER TABLE
COPY public.rental (rental_id, rental_date, inventory_id, customer_id, return_date, staff_id, last_update) FROM stdin;
WARNING:  Batched COPY is not supported on table with non RI trigger. Defaulting to using one transaction for the entire copy.
HINT:  Set rows_per_transaction option to `0` to disable batching and remove this warning.
COPY 16044
ALTER TABLE rental ENABLE TRIGGER ALL;
ALTER TABLE
ALTER TABLE payment DISABLE TRIGGER ALL;
ALTER TABLE
ALTER TABLE payment_p2007_lt DISABLE TRIGGER ALL;
ALTER TABLE
ALTER TABLE payment_p2007_01 DISABLE TRIGGER ALL;
ALTER TABLE
ALTER TABLE payment_p2007_02 DISABLE TRIGGER ALL;
ALTER TABLE
ALTER TABLE payment_p2007_03 DISABLE TRIGGER ALL;
ALTER TABLE
ALTER TABLE payment_p2007_04 DISABLE TRIGGER ALL;
ALTER TABLE
ALTER TABLE payment_p2007_05 DISABLE TRIGGER ALL;
ALTER TABLE
ALTER TABLE payment_p2007_06 DISABLE TRIGGER ALL;
ALTER TABLE
COPY public.payment (payment_id, customer_id, staff_id, rental_id, amount, payment_date) FROM stdin;
COPY 16049
ALTER TABLE payment ENABLE TRIGGER ALL;
ALTER TABLE
ALTER TABLE payment_p2007_lt ENABLE TRIGGER ALL;
ALTER TABLE
ALTER TABLE payment_p2007_01 ENABLE TRIGGER ALL;
ALTER TABLE
ALTER TABLE payment_p2007_02 ENABLE TRIGGER ALL;
ALTER TABLE
ALTER TABLE payment_p2007_03 ENABLE TRIGGER ALL;
ALTER TABLE
ALTER TABLE payment_p2007_04 ENABLE TRIGGER ALL;
ALTER TABLE
ALTER TABLE payment_p2007_05 ENABLE TRIGGER ALL;
ALTER TABLE
ALTER TABLE payment_p2007_06 ENABLE TRIGGER ALL;
ALTER TABLE
analyze actor;
WARNING:  'analyze' is a beta feature!
LINE 1: analyze actor;
        ^
HINT:  Set 'ysql_beta_features' yb-tserver gflag to true to suppress the warning for all beta features.
ANALYZE
analyze address;
WARNING:  'analyze' is a beta feature!
LINE 1: analyze address;
        ^
HINT:  Set 'ysql_beta_features' yb-tserver gflag to true to suppress the warning for all beta features.
ANALYZE
analyze category;
WARNING:  'analyze' is a beta feature!
LINE 1: analyze category;
        ^
HINT:  Set 'ysql_beta_features' yb-tserver gflag to true to suppress the warning for all beta features.
ANALYZE
analyze city;
WARNING:  'analyze' is a beta feature!
LINE 1: analyze city;
        ^
HINT:  Set 'ysql_beta_features' yb-tserver gflag to true to suppress the warning for all beta features.
ANALYZE
analyze country;
WARNING:  'analyze' is a beta feature!
LINE 1: analyze country;
        ^
HINT:  Set 'ysql_beta_features' yb-tserver gflag to true to suppress the warning for all beta features.
ANALYZE
analyze customer;
WARNING:  'analyze' is a beta feature!
LINE 1: analyze customer;
        ^
HINT:  Set 'ysql_beta_features' yb-tserver gflag to true to suppress the warning for all beta features.
ANALYZE
analyze film;
WARNING:  'analyze' is a beta feature!
LINE 1: analyze film;
        ^
HINT:  Set 'ysql_beta_features' yb-tserver gflag to true to suppress the warning for all beta features.
ANALYZE
analyze film_actor;
WARNING:  'analyze' is a beta feature!
LINE 1: analyze film_actor;
        ^
HINT:  Set 'ysql_beta_features' yb-tserver gflag to true to suppress the warning for all beta features.
ANALYZE
analyze film_category;
WARNING:  'analyze' is a beta feature!
LINE 1: analyze film_category;
        ^
HINT:  Set 'ysql_beta_features' yb-tserver gflag to true to suppress the warning for all beta features.
ANALYZE
analyze inventory;
WARNING:  'analyze' is a beta feature!
LINE 1: analyze inventory;
        ^
HINT:  Set 'ysql_beta_features' yb-tserver gflag to true to suppress the warning for all beta features.
ANALYZE
analyze language;
WARNING:  'analyze' is a beta feature!
LINE 1: analyze language;
        ^
HINT:  Set 'ysql_beta_features' yb-tserver gflag to true to suppress the warning for all beta features.
ANALYZE
analyze payment;
WARNING:  'analyze' is a beta feature!
LINE 1: analyze payment;
        ^
HINT:  Set 'ysql_beta_features' yb-tserver gflag to true to suppress the warning for all beta features.
ANALYZE
analyze rental;
WARNING:  'analyze' is a beta feature!
LINE 1: analyze rental;
        ^
HINT:  Set 'ysql_beta_features' yb-tserver gflag to true to suppress the warning for all beta features.
ANALYZE
analyze staff;
WARNING:  'analyze' is a beta feature!
LINE 1: analyze staff;
        ^
HINT:  Set 'ysql_beta_features' yb-tserver gflag to true to suppress the warning for all beta features.
ANALYZE
analyze store;
WARNING:  'analyze' is a beta feature!
LINE 1: analyze store;
        ^
HINT:  Set 'ysql_beta_features' yb-tserver gflag to true to suppress the warning for all beta features.
ANALYZE

 Performance counter stats for 'system wide':

    21,562,063,683      instructions              docker/29076488227e5b168c8c9fb96182b4aae88ecd494451babea0eb16b9743579e8                                   

      10.782792729 seconds time elapsed

